This is pdfTeX, Version 3.1415926-2.5-1.40.14 (TeX Live 2013/W32TeX) (format=pdflatex 2014.3.8)  29 MAY 2014 13:05
entering extended mode
 restricted \write18 enabled.
 %&-line parsing enabled.
**MAIN_SITE.tex
(./MAIN_SITE.tex
LaTeX2e <2011/06/27>
Babel <3.9h> and hyphenation patterns for 78 languages loaded.
(./Meta.tex) (c:/texlive/2013/texmf-dist/tex/latex/koma-script/scrbook.cls
Document Class: scrbook 2013/12/19 v3.12 KOMA-Script document class (book)
(c:/texlive/2013/texmf-dist/tex/latex/koma-script/scrkbase.sty
Package: scrkbase 2013/12/19 v3.12 KOMA-Script package (KOMA-Script-dependent b
asics and keyval usage)

(c:/texlive/2013/texmf-dist/tex/latex/koma-script/scrbase.sty
Package: scrbase 2013/12/19 v3.12 KOMA-Script package (KOMA-Script-independent 
basics and keyval usage)

(c:/texlive/2013/texmf-dist/tex/latex/graphics/keyval.sty
Package: keyval 1999/03/16 v1.13 key=value parser (DPC)
\KV@toks@=\toks14
)
(c:/texlive/2013/texmf-dist/tex/latex/koma-script/scrlfile.sty
Package: scrlfile 2013/12/19 v3.12 KOMA-Script package (loading files)

Package scrlfile, 2013/12/19 v3.12 KOMA-Script package (loading files)
                  Copyright (C) Markus Kohm

))) (c:/texlive/2013/texmf-dist/tex/latex/koma-script/tocbasic.sty
Package: tocbasic 2013/12/19 v3.12 KOMA-Script package (handling toc-files)
)
Package tocbasic Info: omitting babel extension for `toc'
(tocbasic)             because of feature `nobabel' available
(tocbasic)             for `toc' on input line 117.
Package tocbasic Info: omitting babel extension for `lof'
(tocbasic)             because of feature `nobabel' available
(tocbasic)             for `lof' on input line 118.
Package tocbasic Info: omitting babel extension for `lot'
(tocbasic)             because of feature `nobabel' available
(tocbasic)             for `lot' on input line 119.
Package tocbasic Info: defining new hook before heading of `' on input line 111
8.
Package scrbook Info: You've used standard option `11pt'.
(scrbook)             This is correct!
(scrbook)             Internally I'm using `fontsize=11pt'.
(scrbook)             If you'd like to set the option with \KOMAoptions,
(scrbook)             you'd have to use `fontsize=11pt' there
(scrbook)             instead of `11pt', too.
Class scrbook Info: You've used standard option `oneside'.
(scrbook)           This is correct!
(scrbook)           Internally I'm using `twoside=false'.
(scrbook)           If you'd like to set the option with \KOMAoptions,
(scrbook)           you'd have to use `twoside=false' there
(scrbook)           instead of `oneside', too.
Package scrbase Info: Unknown processing state.
(scrbase)             Processing option `twoside=false'
(scrbase)             of member `.scrbook.cls'
(scrbase)             of family `KOMA'
(scrbase)             doesn't set a valid state.
(scrbase)             This will be interpreted
(scrbase)             as \FamilyKeyStateProcessed on input line 1269.


Class scrbook Warning: You've used obsolete option `halfparskip'.
(scrbook)              Usage of this option indicates an old document and
(scrbook)              is deprecated.
(scrbook)              You should simply replace
(scrbook)              usage of option `halfparskip' by `parskip=half'.

Class scrbook Info: Switching compatibility level to `first'.

Class scrbook Warning: You've used obsolete option `normalheadings'.
(scrbook)              Usage of this option indicates an old document and
(scrbook)              is deprecated.
(scrbook)              You should simply replace
(scrbook)              usage of option `normalheadings' by `headings=normal'.

Class scrbook Info: Switching compatibility level to `first'.

Class scrbook Warning: You've used obsolete option `liststotoc'.
(scrbook)              Usage of this option indicates an old document and
(scrbook)              is deprecated.
(scrbook)              You should simply replace
(scrbook)              usage of option `liststotoc' by `listof=totoc'.

Class scrbook Info: Switching compatibility level to `first'.

Class scrbook Warning: You've used obsolete option `bibtotoc'.
(scrbook)              Usage of this option indicates an old document and
(scrbook)              is deprecated.
(scrbook)              You should simply replace
(scrbook)              usage of option `bibtotoc' by `bibliography=totoc'.

Class scrbook Info: Switching compatibility level to `first'.

Class scrbook Warning: You've used obsolete option `idxtotoc'.
(scrbook)              Usage of this option indicates an old document and
(scrbook)              is deprecated.
(scrbook)              You should simply replace
(scrbook)              usage of option `idxtotoc' by `index=totoc'.

Class scrbook Info: Switching compatibility level to `first'.

Class scrbook Warning: You've used obsolete option `tablecaptionabove'.
(scrbook)              Usage of this option indicates an old document and
(scrbook)              is deprecated.
(scrbook)              You should simply replace
(scrbook)              usage of option `tablecaptionabove' by `captions=tablehe
ading'.

Class scrbook Info: Switching compatibility level to `first'.
Class scrbook Info: You've used standard option `final'.
(scrbook)           This is correct!
(scrbook)           Internally I'm using `draft=false'.
(scrbook)           If you'd like to set the option with \KOMAoptions,
(scrbook)           you'd have to use `draft=false' there
(scrbook)           instead of `final', too.
Class scrbook Info: File `scrsize11pt.clo' used to setup font sizes on input li
ne 1655.
(c:/texlive/2013/texmf-dist/tex/latex/koma-script/scrsize11pt.clo
File: scrsize11pt.clo 2013/12/19 v3.12 KOMA-Script font size class option (11pt
)
)
(c:/texlive/2013/texmf-dist/tex/latex/koma-script/typearea.sty
Package: typearea 2013/12/19 v3.12 KOMA-Script package (type area)

Package typearea, 2013/12/19 v3.12 KOMA-Script package (type area)
                  Copyright (C) Frank Neukam, 1992-1994
                  Copyright (C) Markus Kohm, 1994-

\ta@bcor=\skip41
\ta@div=\count79
Package typearea Info: You've used standard option `a4paper'.
(typearea)             This is correct!
(typearea)             Internally I'm using `paper=a4'.
(typearea)             If you'd like to set the option with \KOMAoptions,
(typearea)             you'd have to use `paper=a4' there
(typearea)             instead of `a4paper', too.
Package typearea Info: You've used standard option `oneside'.
(typearea)             This is correct!
(typearea)             Internally I'm using `twoside=false'.
(typearea)             If you'd like to set the option with \KOMAoptions,
(typearea)             you'd have to use `twoside=false' there
(typearea)             instead of `oneside', too.
\ta@hblk=\skip42
\ta@vblk=\skip43
\ta@temp=\skip44
\footheight=\skip45
Package typearea Info: These are the values describing the layout:
(typearea)             DIV  = 10
(typearea)             BCOR = 0.0pt
(typearea)             \paperwidth      = 597.50793pt
(typearea)              \textwidth      = 418.25555pt
(typearea)              DIV departure   = -6%
(typearea)              \evensidemargin = 17.3562pt
(typearea)              \oddsidemargin  = 17.3562pt
(typearea)             \paperheight     = 845.04694pt
(typearea)              \textheight     = 595.80026pt
(typearea)              \topmargin      = -25.16531pt
(typearea)              \headheight     = 17.0pt
(typearea)              \headsep        = 20.40001pt
(typearea)              \topskip        = 11.0pt
(typearea)              \footskip       = 47.6pt
(typearea)              \baselineskip   = 13.6pt
(typearea)              on input line 1330.
)
\c@part=\count80
\c@chapter=\count81
\c@section=\count82
\c@subsection=\count83
\c@subsubsection=\count84
\c@paragraph=\count85
\c@subparagraph=\count86
\abovecaptionskip=\skip46
\belowcaptionskip=\skip47
\c@pti@nb@sid@b@x=\box26
\c@figure=\count87
\c@table=\count88
\bibindent=\dimen102
) (./Packages.tex (c:/texlive/2013/texmf-dist/tex/latex/cite/cite.sty
LaTeX Info: Redefining \cite on input line 302.
LaTeX Info: Redefining \nocite on input line 373.
Package: cite 2010/09/10  v 5.3
)
(c:/texlive/2013/texmf-dist/tex/latex/koma-script/scrpage2.sty
Package: scrpage2 2013/12/19 v3.12 KOMA-Script package (page head and foot)
LaTeX Info: Redefining \pagemark on input line 174.
)
(c:/texlive/2013/texmf-dist/tex/generic/babel/babel.sty
Package: babel 2013/12/03 3.9h The Babel package

(c:/texlive/2013/texmf-dist/tex/generic/babel-german/germanb.ldf
Language: germanb 2013/12/13 v2.7 German support for babel (traditional orthogr
aphy)

(c:/texlive/2013/texmf-dist/tex/generic/babel/babel.def
File: babel.def 2013/12/03 3.9h Babel common definitions
\babel@savecnt=\count89
\U@D=\dimen103
)
\l@austrian = a dialect from \language\l@german 
Package babel Info: Making " an active character on input line 107.
))
(c:/texlive/2013/texmf-dist/tex/latex/base/inputenc.sty
Package: inputenc 2008/03/30 v1.1d Input encoding file
\inpenc@prehook=\toks15
\inpenc@posthook=\toks16

(c:/texlive/2013/texmf-dist/tex/latex/base/latin1.def
File: latin1.def 2008/03/30 v1.1d Input encoding file
))
(c:/texlive/2013/texmf-dist/tex/latex/base/fontenc.sty
Package: fontenc 2005/09/27 v1.99g Standard LaTeX package

(c:/texlive/2013/texmf-dist/tex/latex/base/t1enc.def
File: t1enc.def 2005/09/27 v1.99g Standard LaTeX file
LaTeX Font Info:    Redeclaring font encoding T1 on input line 43.
))
(c:/texlive/2013/texmf-dist/tex/latex/base/textcomp.sty
Package: textcomp 2005/09/27 v1.99g Standard LaTeX package
Package textcomp Info: Sub-encoding information:
(textcomp)               5 = only ISO-Adobe without \textcurrency
(textcomp)               4 = 5 + \texteuro
(textcomp)               3 = 4 + \textohm
(textcomp)               2 = 3 + \textestimated + \textcurrency
(textcomp)               1 = TS1 - \textcircled - \t
(textcomp)               0 = TS1 (full)
(textcomp)             Font families with sub-encoding setting implement
(textcomp)             only a restricted character set as indicated.
(textcomp)             Family '?' is the default used for unknown fonts.
(textcomp)             See the documentation for details.
Package textcomp Info: Setting ? sub-encoding to TS1/1 on input line 71.

(c:/texlive/2013/texmf-dist/tex/latex/base/ts1enc.def
File: ts1enc.def 2001/06/05 v3.0e (jk/car/fm) Standard LaTeX file
)
LaTeX Info: Redefining \oldstylenums on input line 266.
Package textcomp Info: Setting cmr sub-encoding to TS1/0 on input line 281.
Package textcomp Info: Setting cmss sub-encoding to TS1/0 on input line 282.
Package textcomp Info: Setting cmtt sub-encoding to TS1/0 on input line 283.
Package textcomp Info: Setting cmvtt sub-encoding to TS1/0 on input line 284.
Package textcomp Info: Setting cmbr sub-encoding to TS1/0 on input line 285.
Package textcomp Info: Setting cmtl sub-encoding to TS1/0 on input line 286.
Package textcomp Info: Setting ccr sub-encoding to TS1/0 on input line 287.
Package textcomp Info: Setting ptm sub-encoding to TS1/4 on input line 288.
Package textcomp Info: Setting pcr sub-encoding to TS1/4 on input line 289.
Package textcomp Info: Setting phv sub-encoding to TS1/4 on input line 290.
Package textcomp Info: Setting ppl sub-encoding to TS1/3 on input line 291.
Package textcomp Info: Setting pag sub-encoding to TS1/4 on input line 292.
Package textcomp Info: Setting pbk sub-encoding to TS1/4 on input line 293.
Package textcomp Info: Setting pnc sub-encoding to TS1/4 on input line 294.
Package textcomp Info: Setting pzc sub-encoding to TS1/4 on input line 295.
Package textcomp Info: Setting bch sub-encoding to TS1/4 on input line 296.
Package textcomp Info: Setting put sub-encoding to TS1/5 on input line 297.
Package textcomp Info: Setting uag sub-encoding to TS1/5 on input line 298.
Package textcomp Info: Setting ugq sub-encoding to TS1/5 on input line 299.
Package textcomp Info: Setting ul8 sub-encoding to TS1/4 on input line 300.
Package textcomp Info: Setting ul9 sub-encoding to TS1/4 on input line 301.
Package textcomp Info: Setting augie sub-encoding to TS1/5 on input line 302.
Package textcomp Info: Setting dayrom sub-encoding to TS1/3 on input line 303.
Package textcomp Info: Setting dayroms sub-encoding to TS1/3 on input line 304.

Package textcomp Info: Setting pxr sub-encoding to TS1/0 on input line 305.
Package textcomp Info: Setting pxss sub-encoding to TS1/0 on input line 306.
Package textcomp Info: Setting pxtt sub-encoding to TS1/0 on input line 307.
Package textcomp Info: Setting txr sub-encoding to TS1/0 on input line 308.
Package textcomp Info: Setting txss sub-encoding to TS1/0 on input line 309.
Package textcomp Info: Setting txtt sub-encoding to TS1/0 on input line 310.
Package textcomp Info: Setting lmr sub-encoding to TS1/0 on input line 311.
Package textcomp Info: Setting lmdh sub-encoding to TS1/0 on input line 312.
Package textcomp Info: Setting lmss sub-encoding to TS1/0 on input line 313.
Package textcomp Info: Setting lmssq sub-encoding to TS1/0 on input line 314.
Package textcomp Info: Setting lmvtt sub-encoding to TS1/0 on input line 315.
Package textcomp Info: Setting qhv sub-encoding to TS1/0 on input line 316.
Package textcomp Info: Setting qag sub-encoding to TS1/0 on input line 317.
Package textcomp Info: Setting qbk sub-encoding to TS1/0 on input line 318.
Package textcomp Info: Setting qcr sub-encoding to TS1/0 on input line 319.
Package textcomp Info: Setting qcs sub-encoding to TS1/0 on input line 320.
Package textcomp Info: Setting qpl sub-encoding to TS1/0 on input line 321.
Package textcomp Info: Setting qtm sub-encoding to TS1/0 on input line 322.
Package textcomp Info: Setting qzc sub-encoding to TS1/0 on input line 323.
Package textcomp Info: Setting qhvc sub-encoding to TS1/0 on input line 324.
Package textcomp Info: Setting futs sub-encoding to TS1/4 on input line 325.
Package textcomp Info: Setting futx sub-encoding to TS1/4 on input line 326.
Package textcomp Info: Setting futj sub-encoding to TS1/4 on input line 327.
Package textcomp Info: Setting hlh sub-encoding to TS1/3 on input line 328.
Package textcomp Info: Setting hls sub-encoding to TS1/3 on input line 329.
Package textcomp Info: Setting hlst sub-encoding to TS1/3 on input line 330.
Package textcomp Info: Setting hlct sub-encoding to TS1/5 on input line 331.
Package textcomp Info: Setting hlx sub-encoding to TS1/5 on input line 332.
Package textcomp Info: Setting hlce sub-encoding to TS1/5 on input line 333.
Package textcomp Info: Setting hlcn sub-encoding to TS1/5 on input line 334.
Package textcomp Info: Setting hlcw sub-encoding to TS1/5 on input line 335.
Package textcomp Info: Setting hlcf sub-encoding to TS1/5 on input line 336.
Package textcomp Info: Setting pplx sub-encoding to TS1/3 on input line 337.
Package textcomp Info: Setting pplj sub-encoding to TS1/3 on input line 338.
Package textcomp Info: Setting ptmx sub-encoding to TS1/4 on input line 339.
Package textcomp Info: Setting ptmj sub-encoding to TS1/4 on input line 340.
)
(c:/texlive/2013/texmf-dist/tex/latex/float/float.sty
Package: float 2001/11/08 v1.3d Float enhancements (AL)
\c@float@type=\count90
\float@exts=\toks17
\float@box=\box27
\@float@everytoks=\toks18
\@floatcapt=\box28
)
(c:/texlive/2013/texmf-dist/tex/latex/graphics/graphicx.sty
Package: graphicx 1999/02/16 v1.0f Enhanced LaTeX Graphics (DPC,SPQR)

(c:/texlive/2013/texmf-dist/tex/latex/graphics/graphics.sty
Package: graphics 2009/02/05 v1.0o Standard LaTeX Graphics (DPC,SPQR)

(c:/texlive/2013/texmf-dist/tex/latex/graphics/trig.sty
Package: trig 1999/03/16 v1.09 sin cos tan (DPC)
)
(c:/texlive/2013/texmf-dist/tex/latex/latexconfig/graphics.cfg
File: graphics.cfg 2010/04/23 v1.9 graphics configuration of TeX Live
)
Package graphics Info: Driver file: dvips.def on input line 91.

(c:/texlive/2013/texmf-dist/tex/latex/graphics/dvips.def
File: dvips.def 1999/02/16 v3.0i Driver-dependant file (DPC,SPQR)
))
\Gin@req@height=\dimen104
\Gin@req@width=\dimen105
)
(c:/texlive/2013/texmf-dist/tex/latex/wrapfig/wrapfig.sty
\wrapoverhang=\dimen106
\WF@size=\dimen107
\c@WF@wrappedlines=\count91
\WF@box=\box29
\WF@everypar=\toks19
Package: wrapfig 2003/01/31  v 3.6
)
(c:/texlive/2013/texmf-dist/tex/latex/amsmath/amsmath.sty
Package: amsmath 2013/01/14 v2.14 AMS math features
\@mathmargin=\skip48

For additional information on amsmath, use the `?' option.
(c:/texlive/2013/texmf-dist/tex/latex/amsmath/amstext.sty
Package: amstext 2000/06/29 v2.01

(c:/texlive/2013/texmf-dist/tex/latex/amsmath/amsgen.sty
File: amsgen.sty 1999/11/30 v2.0
\@emptytoks=\toks20
\ex@=\dimen108
))
(c:/texlive/2013/texmf-dist/tex/latex/amsmath/amsbsy.sty
Package: amsbsy 1999/11/29 v1.2d
\pmbraise@=\dimen109
)
(c:/texlive/2013/texmf-dist/tex/latex/amsmath/amsopn.sty
Package: amsopn 1999/12/14 v2.01 operator names
)
\inf@bad=\count92
LaTeX Info: Redefining \frac on input line 210.
\uproot@=\count93
\leftroot@=\count94
LaTeX Info: Redefining \overline on input line 306.
\classnum@=\count95
\DOTSCASE@=\count96
LaTeX Info: Redefining \ldots on input line 378.
LaTeX Info: Redefining \dots on input line 381.
LaTeX Info: Redefining \cdots on input line 466.
\Mathstrutbox@=\box30
\strutbox@=\box31
\big@size=\dimen110
LaTeX Font Info:    Redeclaring font encoding OML on input line 566.
LaTeX Font Info:    Redeclaring font encoding OMS on input line 567.
\macc@depth=\count97
\c@MaxMatrixCols=\count98
\dotsspace@=\muskip10
\c@parentequation=\count99
\dspbrk@lvl=\count100
\tag@help=\toks21
\row@=\count101
\column@=\count102
\maxfields@=\count103
\andhelp@=\toks22
\eqnshift@=\dimen111
\alignsep@=\dimen112
\tagshift@=\dimen113
\tagwidth@=\dimen114
\totwidth@=\dimen115
\lineht@=\dimen116
\@envbody=\toks23
\multlinegap=\skip49
\multlinetaggap=\skip50
\mathdisplay@stack=\toks24
LaTeX Info: Redefining \[ on input line 2665.
LaTeX Info: Redefining \] on input line 2666.
)
(c:/texlive/2013/texmf-dist/tex/latex/amsfonts/amsfonts.sty
Package: amsfonts 2013/01/14 v3.01 Basic AMSFonts support
\symAMSa=\mathgroup4
\symAMSb=\mathgroup5
LaTeX Font Info:    Overwriting math alphabet `\mathfrak' in version `bold'
(Font)                  U/euf/m/n --> U/euf/b/n on input line 106.
)
(c:/texlive/2013/texmf-dist/tex/latex/multirow/multirow.sty
\bigstrutjot=\dimen117
)
(c:/texlive/2013/texmf-dist/tex/latex/tools/tabularx.sty
Package: tabularx 1999/01/07 v2.07 `tabularx' package (DPC)

(c:/texlive/2013/texmf-dist/tex/latex/tools/array.sty
Package: array 2008/09/09 v2.4c Tabular extension package (FMi)
\col@sep=\dimen118
\extrarowheight=\dimen119
\NC@list=\toks25
\extratabsurround=\skip51
\backup@length=\skip52
)
\TX@col@width=\dimen120
\TX@old@table=\dimen121
\TX@old@col=\dimen122
\TX@target=\dimen123
\TX@delta=\dimen124
\TX@cols=\count104
\TX@ftn=\toks26
)
(c:/texlive/2013/texmf-dist/tex/latex/colortbl/colortbl.sty
Package: colortbl 2012/02/13 v1.0a Color table columns (DPC)

(c:/texlive/2013/texmf-dist/tex/latex/graphics/color.sty
Package: color 2005/11/14 v1.0j Standard LaTeX Color (DPC)

(c:/texlive/2013/texmf-dist/tex/latex/latexconfig/color.cfg
File: color.cfg 2007/01/18 v1.5 color configuration of teTeX/TeXLive
)
Package color Info: Driver file: pdftex.def on input line 130.

(c:/texlive/2013/texmf-dist/tex/latex/pdftex-def/pdftex.def
File: pdftex.def 2011/05/27 v0.06d Graphics/color for pdfTeX

(c:/texlive/2013/texmf-dist/tex/generic/oberdiek/infwarerr.sty
Package: infwarerr 2010/04/08 v1.3 Providing info/warning/error messages (HO)
)
(c:/texlive/2013/texmf-dist/tex/generic/oberdiek/ltxcmds.sty
Package: ltxcmds 2011/11/09 v1.22 LaTeX kernel commands for general use (HO)
)
\Gread@gobject=\count105
))
\everycr=\toks27
\minrowclearance=\skip53
)
(c:/texlive/2013/texmf-dist/tex/latex/base/makeidx.sty
Package: makeidx 2000/03/29 v1.0m Standard LaTeX package
)
(c:/texlive/2013/texmf-dist/tex/latex/setspace/setspace.sty
Package: setspace 2011/12/19 v6.7a set line spacing
)
(c:/texlive/2013/texmf-dist/tex/latex/geometry/geometry.sty
Package: geometry 2010/09/12 v5.6 Page Geometry

(c:/texlive/2013/texmf-dist/tex/generic/oberdiek/ifpdf.sty
Package: ifpdf 2011/01/30 v2.3 Provides the ifpdf switch (HO)
Package ifpdf Info: pdfTeX in PDF mode is detected.
)
(c:/texlive/2013/texmf-dist/tex/generic/oberdiek/ifvtex.sty
Package: ifvtex 2010/03/01 v1.5 Detect VTeX and its facilities (HO)
Package ifvtex Info: VTeX not detected.
)
(c:/texlive/2013/texmf-dist/tex/generic/ifxetex/ifxetex.sty
Package: ifxetex 2010/09/12 v0.6 Provides ifxetex conditional
)
\Gm@cnth=\count106
\Gm@cntv=\count107
\c@Gm@tempcnt=\count108
\Gm@bindingoffset=\dimen125
\Gm@wd@mp=\dimen126
\Gm@odd@mp=\dimen127
\Gm@even@mp=\dimen128
\Gm@layoutwidth=\dimen129
\Gm@layoutheight=\dimen130
\Gm@layouthoffset=\dimen131
\Gm@layoutvoffset=\dimen132
\Gm@dimlist=\toks28
)
(c:/texlive/2013/texmf-dist/tex/latex/nomencl/nomencl.sty
Package: nomencl 2005/09/22 v4.2 Nomenclature package (LN)
\nomlabelwidth=\dimen133
\nom@tempdim=\dimen134
\nomitemsep=\skip54
)
(c:/texlive/2013/texmf-dist/tex/generic/ulem/ulem.sty
\UL@box=\box32
\UL@hyphenbox=\box33
\UL@skip=\skip55
\UL@hook=\toks29
\UL@height=\dimen135
\UL@pe=\count109
\UL@pixel=\dimen136
\ULC@box=\box34
Package: ulem 2012/05/18
\ULdepth=\dimen137
)
(c:/texlive/2013/texmf-dist/tex/latex/floatflt/floatflt.sty
Package: floatflt 1997/07/16 v. 1.31
\c@OptionTest=\count110
\figbox=\box35
\tabbox=\box36
\pagebox=\box37
\ffigcount=\count111
\ftabcount=\count112
\fftest=\count113
\hangcount=\count114
\nosuccesstryfig=\count115
\nosuccesstrytab=\count116
\figgutter=\dimen138
\tabgutter=\dimen139
\htdone=\dimen140
\pageht=\dimen141
\startpageht=\dimen142
\tabbredd=\dimen143
\floatfltwidth=\dimen144
\fltitemwidth=\dimen145
\outputpretest=\toks30
)
(c:/texlive/2013/texmf-dist/tex/latex/listings/listings.sty
\lst@mode=\count117
\lst@gtempboxa=\box38
\lst@token=\toks31
\lst@length=\count118
\lst@currlwidth=\dimen146
\lst@column=\count119
\lst@pos=\count120
\lst@lostspace=\dimen147
\lst@width=\dimen148
\lst@newlines=\count121
\lst@lineno=\count122
\lst@maxwidth=\dimen149

(c:/texlive/2013/texmf-dist/tex/latex/listings/lstmisc.sty
File: lstmisc.sty 2014/03/04 1.5c (Carsten Heinz)
\c@lstnumber=\count123
\lst@skipnumbers=\count124
\lst@framebox=\box39
)
(c:/texlive/2013/texmf-dist/tex/latex/listings/listings.cfg
File: listings.cfg 2014/03/04 1.5c listings configuration
))
Package: listings 2014/03/04 1.5c (Carsten Heinz)

(c:/texlive/2013/texmf-dist/tex/latex/xcolor/xcolor.sty
Package: xcolor 2007/01/21 v2.11 LaTeX color extensions (UK)

(c:/texlive/2013/texmf-dist/tex/latex/latexconfig/color.cfg
File: color.cfg 2007/01/18 v1.5 color configuration of teTeX/TeXLive
)
Package xcolor Info: Driver file: pdftex.def on input line 225.
LaTeX Info: Redefining \color on input line 702.
Package xcolor Info: Model `cmy' substituted by `cmy0' on input line 1337.
Package xcolor Info: Model `RGB' extended on input line 1353.
Package xcolor Info: Model `HTML' substituted by `rgb' on input line 1355.
Package xcolor Info: Model `Hsb' substituted by `hsb' on input line 1356.
Package xcolor Info: Model `tHsb' substituted by `hsb' on input line 1357.
Package xcolor Info: Model `HSB' substituted by `hsb' on input line 1358.
Package xcolor Info: Model `Gray' substituted by `gray' on input line 1359.
Package xcolor Info: Model `wave' substituted by `hsb' on input line 1360.
)
(c:/texlive/2013/texmf-dist/tex/latex/url/url.sty
\Urlmuskip=\muskip11
Package: url 2013/09/16  ver 3.4  Verb mode for urls, etc.
)
(c:/texlive/2013/texmf-dist/tex/latex/hyperref/hyperref.sty
Package: hyperref 2012/11/06 v6.83m Hypertext links for LaTeX

(c:/texlive/2013/texmf-dist/tex/generic/oberdiek/hobsub-hyperref.sty
Package: hobsub-hyperref 2012/05/28 v1.13 Bundle oberdiek, subset hyperref (HO)


(c:/texlive/2013/texmf-dist/tex/generic/oberdiek/hobsub-generic.sty
Package: hobsub-generic 2012/05/28 v1.13 Bundle oberdiek, subset generic (HO)
Package: hobsub 2012/05/28 v1.13 Construct package bundles (HO)
Package hobsub Info: Skipping package `infwarerr' (already loaded).
Package hobsub Info: Skipping package `ltxcmds' (already loaded).
Package: ifluatex 2010/03/01 v1.3 Provides the ifluatex switch (HO)
Package ifluatex Info: LuaTeX not detected.
Package hobsub Info: Skipping package `ifvtex' (already loaded).
Package: intcalc 2007/09/27 v1.1 Expandable calculations with integers (HO)
Package hobsub Info: Skipping package `ifpdf' (already loaded).
Package: etexcmds 2011/02/16 v1.5 Avoid name clashes with e-TeX commands (HO)
Package etexcmds Info: Could not find \expanded.
(etexcmds)             That can mean that you are not using pdfTeX 1.50 or
(etexcmds)             that some package has redefined \expanded.
(etexcmds)             In the latter case, load this package earlier.
Package: kvsetkeys 2012/04/25 v1.16 Key value parser (HO)
Package: kvdefinekeys 2011/04/07 v1.3 Define keys (HO)
Package: pdftexcmds 2011/11/29 v0.20 Utility functions of pdfTeX for LuaTeX (HO
)
Package pdftexcmds Info: LuaTeX not detected.
Package pdftexcmds Info: \pdf@primitive is available.
Package pdftexcmds Info: \pdf@ifprimitive is available.
Package pdftexcmds Info: \pdfdraftmode found.
Package: pdfescape 2011/11/25 v1.13 Implements pdfTeX's escape features (HO)
Package: bigintcalc 2012/04/08 v1.3 Expandable calculations on big integers (HO
)
Package: bitset 2011/01/30 v1.1 Handle bit-vector datatype (HO)
Package: uniquecounter 2011/01/30 v1.2 Provide unlimited unique counter (HO)
)
Package hobsub Info: Skipping package `hobsub' (already loaded).
Package: letltxmacro 2010/09/02 v1.4 Let assignment for LaTeX macros (HO)
Package: hopatch 2012/05/28 v1.2 Wrapper for package hooks (HO)
Package: xcolor-patch 2011/01/30 xcolor patch
Package: atveryend 2011/06/30 v1.8 Hooks at the very end of document (HO)
Package atveryend Info: \enddocument detected (standard20110627).
Package: atbegshi 2011/10/05 v1.16 At begin shipout hook (HO)
Package: refcount 2011/10/16 v3.4 Data extraction from label references (HO)
Package: hycolor 2011/01/30 v1.7 Color options for hyperref/bookmark (HO)
)
(c:/texlive/2013/texmf-dist/tex/latex/oberdiek/auxhook.sty
Package: auxhook 2011/03/04 v1.3 Hooks for auxiliary files (HO)
)
(c:/texlive/2013/texmf-dist/tex/latex/oberdiek/kvoptions.sty
Package: kvoptions 2011/06/30 v3.11 Key value format for package options (HO)
)
\@linkdim=\dimen150
\Hy@linkcounter=\count125
\Hy@pagecounter=\count126

(c:/texlive/2013/texmf-dist/tex/latex/hyperref/pd1enc.def
File: pd1enc.def 2012/11/06 v6.83m Hyperref: PDFDocEncoding definition (HO)
)
\Hy@SavedSpaceFactor=\count127

(c:/texlive/2013/texmf-dist/tex/latex/latexconfig/hyperref.cfg
File: hyperref.cfg 2002/06/06 v1.2 hyperref configuration of TeXLive
)
Package hyperref Info: Option `final' set `true' on input line 4319.
Package hyperref Info: Option `bookmarks' set `true' on input line 4319.
Package hyperref Info: Option `bookmarksopen' set `true' on input line 4319.
Package hyperref Info: Option `colorlinks' set `true' on input line 4319.
Package hyperref Info: Option `plainpages' set `false' on input line 4319.
Package hyperref Info: Option `pdfpagelabels' set `true' on input line 4319.
Package hyperref Info: Option `hypertexnames' set `true' on input line 4319.
Package hyperref Info: Option `linktocpage' set `true' on input line 4319.
Package hyperref Info: Hyper figures OFF on input line 4443.
Package hyperref Info: Link nesting OFF on input line 4448.
Package hyperref Info: Hyper index ON on input line 4451.
Package hyperref Info: Plain pages OFF on input line 4458.
Package hyperref Info: Backreferencing ON on input line 4461.
Package hyperref Info: Implicit mode ON; LaTeX internals redefined.
Package hyperref Info: Bookmarks ON on input line 4688.

(c:/texlive/2013/texmf-dist/tex/latex/hyperref/backref.sty
Package: backref 2012/07/25 v1.38 Bibliographical back referencing

(c:/texlive/2013/texmf-dist/tex/latex/oberdiek/rerunfilecheck.sty
Package: rerunfilecheck 2011/04/15 v1.7 Rerun checks for auxiliary files (HO)
Package uniquecounter Info: New unique counter `rerunfilecheck' on input line 2
82.
))
\c@Hy@tempcnt=\count128
LaTeX Info: Redefining \url on input line 5041.
\XeTeXLinkMargin=\dimen151
\Fld@menulength=\count129
\Field@Width=\dimen152
\Fld@charsize=\dimen153
Package hyperref Info: Hyper figures OFF on input line 6295.
Package hyperref Info: Link nesting OFF on input line 6300.
Package hyperref Info: Hyper index ON on input line 6303.
Package hyperref Info: backreferencing ON on input line 6308.
Package hyperref Info: Link coloring ON on input line 6313.
Package hyperref Info: Link coloring with OCG OFF on input line 6320.
Package hyperref Info: PDF/A mode OFF on input line 6325.
LaTeX Info: Redefining \ref on input line 6365.
LaTeX Info: Redefining \pageref on input line 6369.
\Hy@abspage=\count130
\c@Item=\count131
\c@Hfootnote=\count132
)

Package hyperref Message: Driver (autodetected): hpdftex.

(c:/texlive/2013/texmf-dist/tex/latex/hyperref/hpdftex.def
File: hpdftex.def 2012/11/06 v6.83m Hyperref driver for pdfTeX
\Fld@listcount=\count133
\c@bookmark@seq@number=\count134
\Hy@SectionHShift=\skip56
)
(c:/texlive/2013/texmf-dist/tex/latex/chngcntr/chngcntr.sty
Package: chngcntr 2009/09/02 v1.0a change counter resetting
)
(c:/texlive/2013/texmf-dist/tex/latex/tools/longtable.sty
Package: longtable 2004/02/01 v4.11 Multi-page Table package (DPC)
\LTleft=\skip57
\LTright=\skip58
\LTpre=\skip59
\LTpost=\skip60
\LTchunksize=\count135
\LTcapwidth=\dimen154
\LT@head=\box40
\LT@firsthead=\box41
\LT@foot=\box42
\LT@lastfoot=\box43
\LT@cols=\count136
\LT@rows=\count137
\c@LT@tables=\count138
\c@LT@chunks=\count139
\LT@p@ftn=\toks32
)
Class scrbook Info: longtable captions redefined on input line 307.

(c:/texlive/2013/texmf-dist/tex/latex/ms/ragged2e.sty
Package: ragged2e 2009/05/21 v2.1 ragged2e Package (MS)

(c:/texlive/2013/texmf-dist/tex/latex/ms/everysel.sty
Package: everysel 2011/10/28 v1.2 EverySelectfont Package (MS)
)
\CenteringLeftskip=\skip61
\RaggedLeftLeftskip=\skip62
\RaggedRightLeftskip=\skip63
\CenteringRightskip=\skip64
\RaggedLeftRightskip=\skip65
\RaggedRightRightskip=\skip66
\CenteringParfillskip=\skip67
\RaggedLeftParfillskip=\skip68
\RaggedRightParfillskip=\skip69
\JustifyingParfillskip=\skip70
\CenteringParindent=\skip71
\RaggedLeftParindent=\skip72
\RaggedRightParindent=\skip73
\JustifyingParindent=\skip74
)
(c:/texlive/2013/texmf-dist/tex/latex/graphics/lscape.sty
Package: lscape 2000/10/22 v3.01 Landscape Pages (DPC)
)
(c:/texlive/2013/texmf-dist/tex/latex/paralist/paralist.sty
Package: paralist 2013/06/09 v2.4 Extended list environments
\pltopsep=\skip75
\plpartopsep=\skip76
\plitemsep=\skip77
\plparsep=\skip78
\pl@lab=\toks33
)
(c:/texlive/2013/texmf-dist/tex/latex/caption/subcaption.sty
Package: subcaption 2013/02/03 v1.1-62 Sub-captions (AR)

(c:/texlive/2013/texmf-dist/tex/latex/caption/caption.sty
Package: caption 2013/05/02 v3.3-89 Customizing captions (AR)

(c:/texlive/2013/texmf-dist/tex/latex/caption/caption3.sty
Package: caption3 2013/05/02 v1.6-88 caption3 kernel (AR)
Package caption3 Info: TeX engine: e-TeX on input line 57.
\captionmargin=\dimen155
\captionmargin@=\dimen156
\captionwidth=\dimen157
\caption@tempdima=\dimen158
\caption@indent=\dimen159
\caption@parindent=\dimen160
\caption@hangindent=\dimen161
)
Package caption Info: KOMA-Script document class.
\c@ContinuedFloat=\count140
Package caption Info: float package is loaded.
Package caption Info: floatflt package is loaded.
Package caption Info: hyperref package is loaded.
Package caption Info: listings package is loaded.
Package caption Info: longtable package is loaded.

(c:/texlive/2013/texmf-dist/tex/latex/caption/ltcaption.sty
Package: ltcaption 2013/02/03 v1.3-62 longtable captions (AR)
)
Package caption Info: wrapfig package is loaded.
)
\c@subfigure=\count141
\c@subtable=\count142
))
\@indexfile=\write3
\openout3 = `MAIN_SITE.idx'.


Writing index file MAIN_SITE.idx
\@nomenclaturefile=\write4
\openout4 = `MAIN_SITE.nlo'.

Writing nomenclature file MAIN_SITE.nlo
(./Seitenstil.tex)
\@input{Silbentrennung.aux}
\openout2 = `Silbentrennung.aux'.

No file Silbentrennung.tex.
(./MAIN_SITE.aux (./Deckblatt.aux)

LaTeX Warning: Label `subsec:erwartetesResultat' multiply defined.

)
\openout1 = `MAIN_SITE.aux'.

LaTeX Font Info:    Checking defaults for OML/cmm/m/it on input line 106.
LaTeX Font Info:    ... okay on input line 106.
LaTeX Font Info:    Checking defaults for T1/cmr/m/n on input line 106.
LaTeX Font Info:    ... okay on input line 106.
LaTeX Font Info:    Checking defaults for OT1/cmr/m/n on input line 106.
LaTeX Font Info:    ... okay on input line 106.
LaTeX Font Info:    Checking defaults for OMS/cmsy/m/n on input line 106.
LaTeX Font Info:    ... okay on input line 106.
LaTeX Font Info:    Checking defaults for OMX/cmex/m/n on input line 106.
LaTeX Font Info:    ... okay on input line 106.
LaTeX Font Info:    Checking defaults for U/cmr/m/n on input line 106.
LaTeX Font Info:    ... okay on input line 106.
LaTeX Font Info:    Checking defaults for TS1/cmr/m/n on input line 106.
LaTeX Font Info:    Try loading font information for TS1+cmr on input line 106.

 (c:/texlive/2013/texmf-dist/tex/latex/base/ts1cmr.fd
File: ts1cmr.fd 1999/05/25 v2.5h Standard LaTeX font definitions
)
LaTeX Font Info:    ... okay on input line 106.
LaTeX Font Info:    Checking defaults for PD1/pdf/m/n on input line 106.
LaTeX Font Info:    ... okay on input line 106.

(c:/texlive/2013/texmf-dist/tex/latex/oberdiek/epstopdf-base.sty
Package: epstopdf-base 2010/02/09 v2.5 Base part for package epstopdf

(c:/texlive/2013/texmf-dist/tex/latex/oberdiek/grfext.sty
Package: grfext 2010/08/19 v1.1 Manage graphics extensions (HO)
)
Package epstopdf-base Info: Redefining graphics rule for `.eps' on input line 4
34.
Package grfext Info: Graphics extension search list:
(grfext)             [.png,.pdf,.jpg,.mps,.jpeg,.jbig2,.jb2,.PNG,.PDF,.JPG,.JPE
G,.JBIG2,.JB2,.eps]
(grfext)             \AppendGraphicsExtensions on input line 452.

(c:/texlive/2013/texmf-dist/tex/latex/latexconfig/epstopdf-sys.cfg
File: epstopdf-sys.cfg 2010/07/13 v1.3 Configuration of (r)epstopdf for TeX Liv
e
))
(c:/texlive/2013/texmf-dist/tex/context/base/supp-pdf.mkii
[Loading MPS to PDF converter (version 2006.09.02).]
\scratchcounter=\count143
\scratchdimen=\dimen162
\scratchbox=\box44
\nofMPsegments=\count144
\nofMParguments=\count145
\everyMPshowfont=\toks34
\MPscratchCnt=\count146
\MPscratchDim=\dimen163
\MPnumerator=\count147
\makeMPintoPDFobject=\count148
\everyMPtoPDFconversion=\toks35
)
*geometry* driver: auto-detecting
*geometry* detected driver: pdftex
*geometry* verbose mode - [ preamble ] result:
* driver: pdftex
* paper: a4paper
* layout: <same size as paper>
* layoutoffset:(h,v)=(0.0pt,0.0pt)
* modes: 
* h-part:(L,W,R)=(99.58464pt, 426.79135pt, 71.13188pt)
* v-part:(T,H,B)=(28.45274pt, 680.02087pt, 136.57323pt)
* \paperwidth=597.50787pt
* \paperheight=845.04684pt
* \textwidth=426.79135pt
* \textheight=680.02087pt
* \oddsidemargin=27.31465pt
* \evensidemargin=27.31465pt
* \topmargin=-81.21725pt
* \headheight=85.35826pt
* \headsep=20.40001pt
* \topskip=11.0pt
* \footskip=47.6pt
* \marginparwidth=59.7508pt
* \marginparsep=12.8401pt
* \columnsep=10.0pt
* \skip\footins=10.0pt plus 4.0pt minus 2.0pt
* \hoffset=0.0pt
* \voffset=0.0pt
* \mag=1000
* \@twocolumnfalse
* \@twosidefalse
* \@mparswitchfalse
* \@reversemarginfalse
* (1in=72.27pt=25.4mm, 1cm=28.453pt)

\c@lstlisting=\count149
\AtBeginShipoutBox=\box45
Package hyperref Info: Link coloring ON on input line 106.
(c:/texlive/2013/texmf-dist/tex/latex/hyperref/nameref.sty
Package: nameref 2012/10/27 v2.43 Cross-referencing by name of section

(c:/texlive/2013/texmf-dist/tex/generic/oberdiek/gettitlestring.sty
Package: gettitlestring 2010/12/03 v1.4 Cleanup title references (HO)
)
\c@section@level=\count150
)
LaTeX Info: Redefining \ref on input line 106.
LaTeX Info: Redefining \pageref on input line 106.
LaTeX Info: Redefining \nameref on input line 106.

(./MAIN_SITE.out) (./MAIN_SITE.out)
\@outlinefile=\write5
\openout5 = `MAIN_SITE.out'.

 ABD: EverySelectfont initializing macros
LaTeX Info: Redefining \selectfont on input line 106.
Package caption Info: Begin \AtBeginDocument code.
Package caption Info: End \AtBeginDocument code.
\openout2 = `Deckblatt.aux'.


(./Deckblatt.tex
<pictures/zhaw_logo_soe.jpg, id=152, 1412.27625pt x 930.47626pt>
File: pictures/zhaw_logo_soe.jpg Graphic file (type jpg)

<use pictures/zhaw_logo_soe.jpg>
Package pdftex.def Info: pictures/zhaw_logo_soe.jpg used on input line 23.
(pdftex.def)             Requested size: 302.29741pt x 199.16928pt.
LaTeX Font Info:    Try loading font information for U+msa on input line 30.

(c:/texlive/2013/texmf-dist/tex/latex/amsfonts/umsa.fd
File: umsa.fd 2013/01/14 v3.01 AMS symbols A
)
LaTeX Font Info:    Try loading font information for U+msb on input line 30.

(c:/texlive/2013/texmf-dist/tex/latex/amsfonts/umsb.fd
File: umsb.fd 2013/01/14 v3.01 AMS symbols B
)
Underfull \hbox (badness 10000) in paragraph at lines 44--51

 []


Underfull \hbox (badness 10000) in paragraph at lines 44--51

 []


Underfull \hbox (badness 10000) in paragraph at lines 44--51

 []


Underfull \hbox (badness 10000) in paragraph at lines 44--51

 []

Package babel Info: Redefining german shorthand "f
(babel)             in language  on input line 51.
Package babel Info: Redefining german shorthand "|
(babel)             in language  on input line 51.
Package babel Info: Redefining german shorthand "~
(babel)             in language  on input line 51.
Package babel Info: Redefining german shorthand "f
(babel)             in language  on input line 51.
Package babel Info: Redefining german shorthand "|
(babel)             in language  on input line 51.
Package babel Info: Redefining german shorthand "~
(babel)             in language  on input line 51.
[1





{c:/texlive/2013/texmf-var/fonts/map/pdftex/updmap/pdftex.map} <./pictures/zhaw
_logo_soe.jpg>])
LaTeX Font Info:    Try loading font information for T1+cmss on input line 146.

 (c:/texlive/2013/texmf-dist/tex/latex/base/t1cmss.fd
File: t1cmss.fd 1999/05/25 v2.5h Standard LaTeX font definitions
)
(./MAIN_SITE.toc <pictures/ZHAW_logo.png, id=192, 413.545pt x 432.61626pt>
File: pictures/ZHAW_logo.png Graphic file (type png)

<use pictures/ZHAW_logo.png>
Package pdftex.def Info: pictures/ZHAW_logo.png used on input line 31.
(pdftex.def)             Requested size: 33.08427pt x 34.61pt.
Package babel Info: Redefining german shorthand "f
(babel)             in language  on input line 31.
Package babel Info: Redefining german shorthand "|
(babel)             in language  on input line 31.
Package babel Info: Redefining german shorthand "~
(babel)             in language  on input line 31.
Package babel Info: Redefining german shorthand "f
(babel)             in language  on input line 31.
Package babel Info: Redefining german shorthand "|
(babel)             in language  on input line 31.
Package babel Info: Redefining german shorthand "~
(babel)             in language  on input line 31.
 [1


 <./pictures/ZHAW_logo.png>])
\tf@toc=\write6
\openout6 = `MAIN_SITE.toc'.

 (./MAIN_SITE.nls)
File: pictures/ZHAW_logo.png Graphic file (type png)

<use pictures/ZHAW_logo.png>
Package pdftex.def Info: pictures/ZHAW_logo.png used on input line 177.
(pdftex.def)             Requested size: 33.08427pt x 34.61pt.
Package babel Info: Redefining german shorthand "f
(babel)             in language  on input line 177.
Package babel Info: Redefining german shorthand "|
(babel)             in language  on input line 177.
Package babel Info: Redefining german shorthand "~
(babel)             in language  on input line 177.
Package babel Info: Redefining german shorthand "f
(babel)             in language  on input line 177.
Package babel Info: Redefining german shorthand "|
(babel)             in language  on input line 177.
Package babel Info: Redefining german shorthand "~
(babel)             in language  on input line 177.
 [2]
Package babel Info: Redefining german shorthand "f
(babel)             in language  on input line 177.
Package babel Info: Redefining german shorthand "|
(babel)             in language  on input line 177.
Package babel Info: Redefining german shorthand "~
(babel)             in language  on input line 177.
 (./MAIN_SITE.lof)
\tf@lof=\write7
\openout7 = `MAIN_SITE.lof'.

File: pictures/ZHAW_logo.png Graphic file (type png)

<use pictures/ZHAW_logo.png>
Package pdftex.def Info: pictures/ZHAW_logo.png used on input line 178.
(pdftex.def)             Requested size: 33.08427pt x 34.61pt.
Package babel Info: Redefining german shorthand "f
(babel)             in language  on input line 178.
Package babel Info: Redefining german shorthand "|
(babel)             in language  on input line 178.
Package babel Info: Redefining german shorthand "~
(babel)             in language  on input line 178.
Package babel Info: Redefining german shorthand "f
(babel)             in language  on input line 178.
Package babel Info: Redefining german shorthand "|
(babel)             in language  on input line 178.
Package babel Info: Redefining german shorthand "~
(babel)             in language  on input line 178.
 [3

]
Package babel Info: Redefining german shorthand "f
(babel)             in language  on input line 178.
Package babel Info: Redefining german shorthand "|
(babel)             in language  on input line 178.
Package babel Info: Redefining german shorthand "~
(babel)             in language  on input line 178.
 (./MAIN_SITE.lot)
\tf@lot=\write8
\openout8 = `MAIN_SITE.lot'.



Class scrbook Warning: \float@listhead detected!
(scrbook)              Implementation of \float@listhead became
(scrbook)              deprecated in KOMA-Script v3.01 2008/11/14 and
(scrbook)              has been replaced by more several more flexible
(scrbook)              features of package `tocbasic`.
(scrbook)              Maybe implementation of \float@listhead will
(scrbook)              be removed from KOMA-Script soon.
(scrbook)              Loading of package `scrhack' may help to
(scrbook)              avoid this warning, if you are using a
(scrbook)              a package that still implements the
(scrbook)              deprecated \float@listhead interface  on input line 180.


File: pictures/ZHAW_logo.png Graphic file (type png)
<use pictures/ZHAW_logo.png>
Package pdftex.def Info: pictures/ZHAW_logo.png used on input line 180.
(pdftex.def)             Requested size: 33.08427pt x 34.61pt.
Package babel Info: Redefining german shorthand "f
(babel)             in language  on input line 180.
Package babel Info: Redefining german shorthand "|
(babel)             in language  on input line 180.
Package babel Info: Redefining german shorthand "~
(babel)             in language  on input line 180.
Package babel Info: Redefining german shorthand "f
(babel)             in language  on input line 180.
Package babel Info: Redefining german shorthand "|
(babel)             in language  on input line 180.
Package babel Info: Redefining german shorthand "~
(babel)             in language  on input line 180.
 [4

]
Package babel Info: Redefining german shorthand "f
(babel)             in language  on input line 180.
Package babel Info: Redefining german shorthand "|
(babel)             in language  on input line 180.
Package babel Info: Redefining german shorthand "~
(babel)             in language  on input line 180.
 (./MAIN_SITE.lol)
\tf@lol=\write9
\openout9 = `MAIN_SITE.lol'.

File: pictures/ZHAW_logo.png Graphic file (type png)

<use pictures/ZHAW_logo.png>
Package pdftex.def Info: pictures/ZHAW_logo.png used on input line 188.
(pdftex.def)             Requested size: 33.08427pt x 34.61pt.
Package babel Info: Redefining german shorthand "f
(babel)             in language  on input line 188.
Package babel Info: Redefining german shorthand "|
(babel)             in language  on input line 188.
Package babel Info: Redefining german shorthand "~
(babel)             in language  on input line 188.
Package babel Info: Redefining german shorthand "f
(babel)             in language  on input line 188.
Package babel Info: Redefining german shorthand "|
(babel)             in language  on input line 188.
Package babel Info: Redefining german shorthand "~
(babel)             in language  on input line 188.
 [5

] (./dir/Versionierung_Aufwaende.tex
Kapitel 1.
Package babel Info: Redefining german shorthand "f
(babel)             in language  on input line 3.
Package babel Info: Redefining german shorthand "|
(babel)             in language  on input line 3.
Package babel Info: Redefining german shorthand "~
(babel)             in language  on input line 3.

Class scrbook Warning: \float@addtolists detected!
(scrbook)              Implementation of \float@addtolist became
(scrbook)              deprecated in KOMA-Script v3.01 2008/11/14 and
(scrbook)              has been replaced by more several more flexible
(scrbook)              features of package `tocbasic`.
(scrbook)              Since Version 3.12 support for deprecated
(scrbook)              \float@addtolist interface has been
(scrbook)              restricted to only some of the KOMA-Script
(scrbook)              features and been removed from others.
(scrbook)              Loading of package `scrhack' may help to
(scrbook)              avoid this warning, if you are using a
(scrbook)              a package that still implements the
(scrbook)              deprecated \float@addtolist interface .


Package xcolor Warning: Incompatible color definition on input line 9.


Package xcolor Warning: Incompatible color definition on input line 9.


Package xcolor Warning: Incompatible color definition on input line 10.


Package xcolor Warning: Incompatible color definition on input line 10.


Package xcolor Warning: Incompatible color definition on input line 11.


Package xcolor Warning: Incompatible color definition on input line 12.


Overfull \hbox (222.53745pt too wide) in paragraph at lines 8--23
[][] 
 []

File: pictures/ZHAW_logo.png Graphic file (type png)
<use pictures/ZHAW_logo.png>
Package pdftex.def Info: pictures/ZHAW_logo.png used on input line 35.
(pdftex.def)             Requested size: 33.08427pt x 34.61pt.
Package babel Info: Redefining german shorthand "f
(babel)             in language  on input line 35.
Package babel Info: Redefining german shorthand "|
(babel)             in language  on input line 35.
Package babel Info: Redefining german shorthand "~
(babel)             in language  on input line 35.
Package babel Info: Redefining german shorthand "f
(babel)             in language  on input line 35.
Package babel Info: Redefining german shorthand "|
(babel)             in language  on input line 35.
Package babel Info: Redefining german shorthand "~
(babel)             in language  on input line 35.
pdfTeX warning (ext4): destination with the same identifier (name{page.1}) has 
been already used, duplicate ignored
<to be read again> 
                   \relax 
l.35 \chapter
             {Aufwände} [1


]
Kapitel 2.
Package babel Info: Redefining german shorthand "f
(babel)             in language  on input line 35.
Package babel Info: Redefining german shorthand "|
(babel)             in language  on input line 35.
Package babel Info: Redefining german shorthand "~
(babel)             in language  on input line 35.

Package xcolor Warning: Incompatible color definition on input line 41.


Package xcolor Warning: Incompatible color definition on input line 41.


Package xcolor Warning: Incompatible color definition on input line 42.


Package xcolor Warning: Incompatible color definition on input line 42.


Package xcolor Warning: Incompatible color definition on input line 43.


Package xcolor Warning: Incompatible color definition on input line 44.


Overfull \hbox (21.15096pt too wide) in paragraph at lines 46--46
[]|\T1/cmr/m/n/10.95 18.03.2014|  
 []


Overfull \hbox (21.15096pt too wide) in paragraph at lines 50--50
[]|\T1/cmr/m/n/10.95 26.03.2014|  
 []


Overfull \hbox (21.15096pt too wide) in paragraph at lines 53--53
[]|\T1/cmr/m/n/10.95 11.05.2014|  
 []


Overfull \hbox (21.15096pt too wide) in paragraph at lines 60--60
[]|\T1/cmr/m/n/10.95 13.05.2014|  
 []


Overfull \hbox (21.15096pt too wide) in paragraph at lines 64--64
[]|\T1/cmr/m/n/10.95 13.05.2014|  
 []


Overfull \hbox (21.15096pt too wide) in paragraph at lines 70--70
[]|\T1/cmr/m/n/10.95 15.05.2014|  
 []


Overfull \hbox (21.15096pt too wide) in paragraph at lines 73--73
[]|\T1/cmr/m/n/10.95 17.05.2014|  
 []


Overfull \hbox (21.15096pt too wide) in paragraph at lines 76--76
[]|\T1/cmr/m/n/10.95 18.05.2014|  
 []


Overfull \hbox (21.15096pt too wide) in paragraph at lines 79--79
[]|\T1/cmr/m/n/10.95 28.05.2014|  
 []


Overfull \hbox (21.15096pt too wide) in paragraph at lines 82--82
[]|\T1/cmr/m/n/10.95 29.05.2014|  
 []


Overfull \hbox (205.93886pt too wide) in paragraph at lines 40--86
[][] 
 []

) (./dir/Einleitung/00-Einleitung.tex
File: pictures/ZHAW_logo.png Graphic file (type png)
 <use pictures/ZHAW_logo.png>
Package pdftex.def Info: pictures/ZHAW_logo.png used on input line 1.
(pdftex.def)             Requested size: 33.08427pt x 34.61pt.
Package babel Info: Redefining german shorthand "f
(babel)             in language  on input line 1.
Package babel Info: Redefining german shorthand "|
(babel)             in language  on input line 1.
Package babel Info: Redefining german shorthand "~
(babel)             in language  on input line 1.
Package babel Info: Redefining german shorthand "f
(babel)             in language  on input line 1.
Package babel Info: Redefining german shorthand "|
(babel)             in language  on input line 1.
Package babel Info: Redefining german shorthand "~
(babel)             in language  on input line 1.
 [2

]
Kapitel 3.
Package babel Info: Redefining german shorthand "f
(babel)             in language  on input line 1.
Package babel Info: Redefining german shorthand "|
(babel)             in language  on input line 1.
Package babel Info: Redefining german shorthand "~
(babel)             in language  on input line 1.
Package babel Info: Redefining german shorthand "f
(babel)             in language  on input line 3.
Package babel Info: Redefining german shorthand "|
(babel)             in language  on input line 3.
Package babel Info: Redefining german shorthand "~
(babel)             in language  on input line 3.
Package babel Info: Redefining german shorthand "f
(babel)             in language  on input line 5.
Package babel Info: Redefining german shorthand "|
(babel)             in language  on input line 5.
Package babel Info: Redefining german shorthand "~
(babel)             in language  on input line 5.
Package babel Info: Redefining german shorthand "f
(babel)             in language  on input line 12.
Package babel Info: Redefining german shorthand "|
(babel)             in language  on input line 12.
Package babel Info: Redefining german shorthand "~
(babel)             in language  on input line 12.
File: pictures/ZHAW_logo.png Graphic file (type png)
<use pictures/ZHAW_logo.png>
Package pdftex.def Info: pictures/ZHAW_logo.png used on input line 17.
(pdftex.def)             Requested size: 33.08427pt x 34.61pt.
Package babel Info: Redefining german shorthand "f
(babel)             in language  on input line 17.
Package babel Info: Redefining german shorthand "|
(babel)             in language  on input line 17.
Package babel Info: Redefining german shorthand "~
(babel)             in language  on input line 17.
Package babel Info: Redefining german shorthand "f
(babel)             in language  on input line 17.
Package babel Info: Redefining german shorthand "|
(babel)             in language  on input line 17.
Package babel Info: Redefining german shorthand "~
(babel)             in language  on input line 17.
 [3

]
Package babel Info: Redefining german shorthand "f
(babel)             in language  on input line 18.
Package babel Info: Redefining german shorthand "|
(babel)             in language  on input line 18.
Package babel Info: Redefining german shorthand "~
(babel)             in language  on input line 18.
File: pictures/ZHAW_logo.png Graphic file (type png)
 <use pictures/ZHAW_logo.png>
Package pdftex.def Info: pictures/ZHAW_logo.png used on input line 31.
(pdftex.def)             Requested size: 33.08427pt x 34.61pt.
Package babel Info: Redefining german shorthand "f
(babel)             in language  on input line 31.
Package babel Info: Redefining german shorthand "|
(babel)             in language  on input line 31.
Package babel Info: Redefining german shorthand "~
(babel)             in language  on input line 31.
Package babel Info: Redefining german shorthand "f
(babel)             in language  on input line 31.
Package babel Info: Redefining german shorthand "|
(babel)             in language  on input line 31.
Package babel Info: Redefining german shorthand "~
(babel)             in language  on input line 31.
 [4]
Package babel Info: Redefining german shorthand "f
(babel)             in language  on input line 32.
Package babel Info: Redefining german shorthand "|
(babel)             in language  on input line 32.
Package babel Info: Redefining german shorthand "~
(babel)             in language  on input line 32.
Package babel Info: Redefining german shorthand "f
(babel)             in language  on input line 41.
Package babel Info: Redefining german shorthand "|
(babel)             in language  on input line 41.
Package babel Info: Redefining german shorthand "~
(babel)             in language  on input line 41.


Package xcolor Warning: Incompatible color definition on input line 46.


Package xcolor Warning: Incompatible color definition on input line 47.


Package xcolor Warning: Incompatible color definition on input line 47.


Package xcolor Warning: Incompatible color definition on input line 48.


Overfull \hbox (115.44789pt too wide) in paragraph at lines 45--53
[][] 
 []

) (./dir/Search-Engine.tex
File: pictures/ZHAW_logo.png Graphic file (type png)
 <use pictures/ZHAW_logo.png>
Package pdftex.def Info: pictures/ZHAW_logo.png used on input line 3.
(pdftex.def)             Requested size: 33.08427pt x 34.61pt.
Package babel Info: Redefining german shorthand "f
(babel)             in language  on input line 3.
Package babel Info: Redefining german shorthand "|
(babel)             in language  on input line 3.
Package babel Info: Redefining german shorthand "~
(babel)             in language  on input line 3.
Package babel Info: Redefining german shorthand "f
(babel)             in language  on input line 3.
Package babel Info: Redefining german shorthand "|
(babel)             in language  on input line 3.
Package babel Info: Redefining german shorthand "~
(babel)             in language  on input line 3.
 [5]
Kapitel 4.
Package babel Info: Redefining german shorthand "f
(babel)             in language  on input line 3.
Package babel Info: Redefining german shorthand "|
(babel)             in language  on input line 3.
Package babel Info: Redefining german shorthand "~
(babel)             in language  on input line 3.
Package babel Info: Redefining german shorthand "f
(babel)             in language  on input line 9.
Package babel Info: Redefining german shorthand "|
(babel)             in language  on input line 9.
Package babel Info: Redefining german shorthand "~
(babel)             in language  on input line 9.
LaTeX Font Info:    Try loading font information for T1+cmtt on input line 16.
(c:/texlive/2013/texmf-dist/tex/latex/base/t1cmtt.fd
File: t1cmtt.fd 1999/05/25 v2.5h Standard LaTeX font definitions
)
Overfull \hbox (3.32805pt too wide) in paragraph at lines 17--19
[][]$\T1/cmtt/m/n/10.95 http : / / www . oracle . com / technetwork / java / ja
vase / downloads / jdk8 -[] downloads -[]
 []


Overfull \hbox (2.82805pt too wide) in paragraph at lines 23--26
[][]$\T1/cmtt/m/n/10.95 https : / / code . google . com / p / luke / downloads 
/ detail ? name = lukeall -[] 3 . 5 . 0 . jar&$[][] 
 []

File: pictures/ZHAW_logo.png Graphic file (type png)
<use pictures/ZHAW_logo.png>
Package pdftex.def Info: pictures/ZHAW_logo.png used on input line 30.
(pdftex.def)             Requested size: 33.08427pt x 34.61pt.
Package babel Info: Redefining german shorthand "f
(babel)             in language  on input line 30.
Package babel Info: Redefining german shorthand "|
(babel)             in language  on input line 30.
Package babel Info: Redefining german shorthand "~
(babel)             in language  on input line 30.
Package babel Info: Redefining german shorthand "f
(babel)             in language  on input line 30.
Package babel Info: Redefining german shorthand "|
(babel)             in language  on input line 30.
Package babel Info: Redefining german shorthand "~
(babel)             in language  on input line 30.
 [6

]
Package babel Info: Redefining german shorthand "f
(babel)             in language  on input line 32.
Package babel Info: Redefining german shorthand "|
(babel)             in language  on input line 32.
Package babel Info: Redefining german shorthand "~
(babel)             in language  on input line 32.
Package babel Info: Redefining german shorthand "f
(babel)             in language  on input line 55.
Package babel Info: Redefining german shorthand "|
(babel)             in language  on input line 55.
Package babel Info: Redefining german shorthand "~
(babel)             in language  on input line 55.
File: pictures/ZHAW_logo.png Graphic file (type png)
 <use pictures/ZHAW_logo.png>
Package pdftex.def Info: pictures/ZHAW_logo.png used on input line 77.
(pdftex.def)             Requested size: 33.08427pt x 34.61pt.
Package babel Info: Redefining german shorthand "f
(babel)             in language  on input line 77.
Package babel Info: Redefining german shorthand "|
(babel)             in language  on input line 77.
Package babel Info: Redefining german shorthand "~
(babel)             in language  on input line 77.
Package babel Info: Redefining german shorthand "f
(babel)             in language  on input line 77.
Package babel Info: Redefining german shorthand "|
(babel)             in language  on input line 77.
Package babel Info: Redefining german shorthand "~
(babel)             in language  on input line 77.
 [7]
Package babel Info: Redefining german shorthand "f
(babel)             in language  on input line 95.
Package babel Info: Redefining german shorthand "|
(babel)             in language  on input line 95.
Package babel Info: Redefining german shorthand "~
(babel)             in language  on input line 95.

Underfull \hbox (badness 10000) in paragraph at lines 98--100

 []

File: pictures/ZHAW_logo.png Graphic file (type png)
<use pictures/ZHAW_logo.png>
Package pdftex.def Info: pictures/ZHAW_logo.png used on input line 103.
(pdftex.def)             Requested size: 33.08427pt x 34.61pt.
Package babel Info: Redefining german shorthand "f
(babel)             in language  on input line 103.
Package babel Info: Redefining german shorthand "|
(babel)             in language  on input line 103.
Package babel Info: Redefining german shorthand "~
(babel)             in language  on input line 103.
Package babel Info: Redefining german shorthand "f
(babel)             in language  on input line 103.
Package babel Info: Redefining german shorthand "|
(babel)             in language  on input line 103.
Package babel Info: Redefining german shorthand "~
(babel)             in language  on input line 103.
 [8]
File: pictures/ZHAW_logo.png Graphic file (type png)
 <use pictures/ZHAW_logo.png>
Package pdftex.def Info: pictures/ZHAW_logo.png used on input line 127.
(pdftex.def)             Requested size: 33.08427pt x 34.61pt.
Package babel Info: Redefining german shorthand "f
(babel)             in language  on input line 127.
Package babel Info: Redefining german shorthand "|
(babel)             in language  on input line 127.
Package babel Info: Redefining german shorthand "~
(babel)             in language  on input line 127.
Package babel Info: Redefining german shorthand "f
(babel)             in language  on input line 127.
Package babel Info: Redefining german shorthand "|
(babel)             in language  on input line 127.
Package babel Info: Redefining german shorthand "~
(babel)             in language  on input line 127.
 [9])
(./dir/Vorbereitung.tex
File: pictures/ZHAW_logo.png Graphic file (type png)
 <use pictures/ZHAW_logo.png>
Package pdftex.def Info: pictures/ZHAW_logo.png used on input line 3.
(pdftex.def)             Requested size: 33.08427pt x 34.61pt.
Package babel Info: Redefining german shorthand "f
(babel)             in language  on input line 3.
Package babel Info: Redefining german shorthand "|
(babel)             in language  on input line 3.
Package babel Info: Redefining german shorthand "~
(babel)             in language  on input line 3.
Package babel Info: Redefining german shorthand "f
(babel)             in language  on input line 3.
Package babel Info: Redefining german shorthand "|
(babel)             in language  on input line 3.
Package babel Info: Redefining german shorthand "~
(babel)             in language  on input line 3.
 [10]
Kapitel 5.
Package babel Info: Redefining german shorthand "f
(babel)             in language  on input line 3.
Package babel Info: Redefining german shorthand "|
(babel)             in language  on input line 3.
Package babel Info: Redefining german shorthand "~
(babel)             in language  on input line 3.
Package babel Info: Redefining german shorthand "f
(babel)             in language  on input line 9.
Package babel Info: Redefining german shorthand "|
(babel)             in language  on input line 9.
Package babel Info: Redefining german shorthand "~
(babel)             in language  on input line 9.

Underfull \hbox (badness 10000) in paragraph at lines 18--18
[][][][][]$\T1/cmtt/m/n/9 http : / / social . technet . microsoft . com / Forum
s / windows / en -[] US / afb904c1 -[] 1c61 -[] 4aae -[]
 []


Underfull \hbox (badness 10000) in paragraph at lines 18--18
\T1/cmtt/m/n/9 b6b1 -[] 5cf525b9f8de / how -[] do -[] i -[] get -[] windows -[]
 7 -[] to -[] index -[] a -[] network -[] mapped -[] drive ? forum =
 []

File: pictures/ZHAW_logo.png Graphic file (type png)
<use pictures/ZHAW_logo.png>
Package pdftex.def Info: pictures/ZHAW_logo.png used on input line 31.
(pdftex.def)             Requested size: 33.08427pt x 34.61pt.
Package babel Info: Redefining german shorthand "f
(babel)             in language  on input line 31.
Package babel Info: Redefining german shorthand "|
(babel)             in language  on input line 31.
Package babel Info: Redefining german shorthand "~
(babel)             in language  on input line 31.
Package babel Info: Redefining german shorthand "f
(babel)             in language  on input line 31.
Package babel Info: Redefining german shorthand "|
(babel)             in language  on input line 31.
Package babel Info: Redefining german shorthand "~
(babel)             in language  on input line 31.
 [11

]
<pictures/WindowsSearchDefault.PNG, id=348, 682.04813pt x 415.5525pt>
File: pictures/WindowsSearchDefault.PNG Graphic file (type png)

<use pictures/WindowsSearchDefault.PNG>
Package pdftex.def Info: pictures/WindowsSearchDefault.PNG used on input line 3
4.
(pdftex.def)             Requested size: 405.45047pt x 247.03171pt.
File: pictures/ZHAW_logo.png Graphic file (type png)
 <use pictures/ZHAW_logo.png>
Package pdftex.def Info: pictures/ZHAW_logo.png used on input line 43.
(pdftex.def)             Requested size: 33.08427pt x 34.61pt.
Package babel Info: Redefining german shorthand "f
(babel)             in language  on input line 43.
Package babel Info: Redefining german shorthand "|
(babel)             in language  on input line 43.
Package babel Info: Redefining german shorthand "~
(babel)             in language  on input line 43.
Package babel Info: Redefining german shorthand "f
(babel)             in language  on input line 43.
Package babel Info: Redefining german shorthand "|
(babel)             in language  on input line 43.
Package babel Info: Redefining german shorthand "~
(babel)             in language  on input line 43.
 [12 <./pictures/WindowsSearchDefault.PNG>]
Package babel Info: Redefining german shorthand "f
(babel)             in language  on input line 44.
Package babel Info: Redefining german shorthand "|
(babel)             in language  on input line 44.
Package babel Info: Redefining german shorthand "~
(babel)             in language  on input line 44.

<pictures/MACOSXSpotlight.PNG, id=355, 677.53125pt x 620.3175pt>
File: pictures/MACOSXSpotlight.PNG Graphic file (type png)

<use pictures/MACOSXSpotlight.PNG>
Package pdftex.def Info: pictures/MACOSXSpotlight.PNG used on input line 53.
(pdftex.def)             Requested size: 320.0935pt x 293.07318pt.
File: pictures/ZHAW_logo.png Graphic file (type png)
 <use pictures/ZHAW_logo.png>
Package pdftex.def Info: pictures/ZHAW_logo.png used on input line 63.
(pdftex.def)             Requested size: 33.08427pt x 34.61pt.
Package babel Info: Redefining german shorthand "f
(babel)             in language  on input line 63.
Package babel Info: Redefining german shorthand "|
(babel)             in language  on input line 63.
Package babel Info: Redefining german shorthand "~
(babel)             in language  on input line 63.
Package babel Info: Redefining german shorthand "f
(babel)             in language  on input line 63.
Package babel Info: Redefining german shorthand "|
(babel)             in language  on input line 63.
Package babel Info: Redefining german shorthand "~
(babel)             in language  on input line 63.
 [13 <./pictures/MACOSXSpotlight.PNG>]
Package babel Info: Redefining german shorthand "f
(babel)             in language  on input line 64.
Package babel Info: Redefining german shorthand "|
(babel)             in language  on input line 64.
Package babel Info: Redefining german shorthand "~
(babel)             in language  on input line 64.

<pictures/Luke-Query.PNG, id=361, 996.72375pt x 403.5075pt>
File: pictures/Luke-Query.PNG Graphic file (type png)

<use pictures/Luke-Query.PNG>
Package pdftex.def Info: pictures/Luke-Query.PNG used on input line 69.
(pdftex.def)             Requested size: 426.79135pt x 172.7783pt.
Package babel Info: Redefining german shorthand "f
(babel)             in language  on input line 76.
Package babel Info: Redefining german shorthand "|
(babel)             in language  on input line 76.
Package babel Info: Redefining german shorthand "~
(babel)             in language  on input line 76.

Overfull \hbox (10.88788pt too wide) in paragraph at lines 82--84
[] 
 []

Package babel Info: Redefining german shorthand "f
(babel)             in language  on input line 84.
Package babel Info: Redefining german shorthand "|
(babel)             in language  on input line 84.
Package babel Info: Redefining german shorthand "~
(babel)             in language  on input line 84.

Overfull \hbox (10.88788pt too wide) in paragraph at lines 92--93
[] 
 []

Package babel Info: Redefining german shorthand "f
(babel)             in language  on input line 97.
Package babel Info: Redefining german shorthand "|
(babel)             in language  on input line 97.
Package babel Info: Redefining german shorthand "~
(babel)             in language  on input line 97.
File: pictures/ZHAW_logo.png Graphic file (type png)
<use pictures/ZHAW_logo.png>
Package pdftex.def Info: pictures/ZHAW_logo.png used on input line 104.
(pdftex.def)             Requested size: 33.08427pt x 34.61pt.
Package babel Info: Redefining german shorthand "f
(babel)             in language  on input line 104.
Package babel Info: Redefining german shorthand "|
(babel)             in language  on input line 104.
Package babel Info: Redefining german shorthand "~
(babel)             in language  on input line 104.
Package babel Info: Redefining german shorthand "f
(babel)             in language  on input line 104.
Package babel Info: Redefining german shorthand "|
(babel)             in language  on input line 104.
Package babel Info: Redefining german shorthand "~
(babel)             in language  on input line 104.
 [14 <./pictures/Luke-Query.PNG>]
Overfull \hbox (10.88788pt too wide) in paragraph at lines 104--105
[][] 
 []

Package babel Info: Redefining german shorthand "f
(babel)             in language  on input line 107.
Package babel Info: Redefining german shorthand "|
(babel)             in language  on input line 107.
Package babel Info: Redefining german shorthand "~
(babel)             in language  on input line 107.

Overfull \hbox (13.34416pt too wide) in paragraph at lines 110--116
[][] 
 []

Package babel Info: Redefining german shorthand "f
(babel)             in language  on input line 116.
Package babel Info: Redefining german shorthand "|
(babel)             in language  on input line 116.
Package babel Info: Redefining german shorthand "~
(babel)             in language  on input line 116.
Package babel Info: Redefining german shorthand "f
(babel)             in language  on input line 128.
Package babel Info: Redefining german shorthand "|
(babel)             in language  on input line 128.
Package babel Info: Redefining german shorthand "~
(babel)             in language  on input line 128.
Package babel Info: Redefining german shorthand "f
(babel)             in language  on input line 138.
Package babel Info: Redefining german shorthand "|
(babel)             in language  on input line 138.
Package babel Info: Redefining german shorthand "~
(babel)             in language  on input line 138.
File: pictures/ZHAW_logo.png Graphic file (type png)
<use pictures/ZHAW_logo.png>
Package pdftex.def Info: pictures/ZHAW_logo.png used on input line 154.
(pdftex.def)             Requested size: 33.08427pt x 34.61pt.
Package babel Info: Redefining german shorthand "f
(babel)             in language  on input line 154.
Package babel Info: Redefining german shorthand "|
(babel)             in language  on input line 154.
Package babel Info: Redefining german shorthand "~
(babel)             in language  on input line 154.
Package babel Info: Redefining german shorthand "f
(babel)             in language  on input line 154.
Package babel Info: Redefining german shorthand "|
(babel)             in language  on input line 154.
Package babel Info: Redefining german shorthand "~
(babel)             in language  on input line 154.
 [15]
Underfull \hbox (badness 10000) in paragraph at lines 154--156

 []

) (./dir/Vergleich.tex
File: pictures/ZHAW_logo.png Graphic file (type png)
 <use pictures/ZHAW_logo.png>
Package pdftex.def Info: pictures/ZHAW_logo.png used on input line 3.
(pdftex.def)             Requested size: 33.08427pt x 34.61pt.
Package babel Info: Redefining german shorthand "f
(babel)             in language  on input line 3.
Package babel Info: Redefining german shorthand "|
(babel)             in language  on input line 3.
Package babel Info: Redefining german shorthand "~
(babel)             in language  on input line 3.
Package babel Info: Redefining german shorthand "f
(babel)             in language  on input line 3.
Package babel Info: Redefining german shorthand "|
(babel)             in language  on input line 3.
Package babel Info: Redefining german shorthand "~
(babel)             in language  on input line 3.
 [16]
Kapitel 6.
Package babel Info: Redefining german shorthand "f
(babel)             in language  on input line 3.
Package babel Info: Redefining german shorthand "|
(babel)             in language  on input line 3.
Package babel Info: Redefining german shorthand "~
(babel)             in language  on input line 3.
File: pictures/ZHAW_logo.png Graphic file (type png)
<use pictures/ZHAW_logo.png>
Package pdftex.def Info: pictures/ZHAW_logo.png used on input line 10.
(pdftex.def)             Requested size: 33.08427pt x 34.61pt.
Package babel Info: Redefining german shorthand "f
(babel)             in language  on input line 10.
Package babel Info: Redefining german shorthand "|
(babel)             in language  on input line 10.
Package babel Info: Redefining german shorthand "~
(babel)             in language  on input line 10.
Package babel Info: Redefining german shorthand "f
(babel)             in language  on input line 10.
Package babel Info: Redefining german shorthand "|
(babel)             in language  on input line 10.
Package babel Info: Redefining german shorthand "~
(babel)             in language  on input line 10.
 [17

]
Kapitel 7.
Package babel Info: Redefining german shorthand "f
(babel)             in language  on input line 10.
Package babel Info: Redefining german shorthand "|
(babel)             in language  on input line 10.
Package babel Info: Redefining german shorthand "~
(babel)             in language  on input line 10.
) (./dir/Fazit.tex
File: pictures/ZHAW_logo.png Graphic file (type png)
 <use pictures/ZHAW_logo.png>
Package pdftex.def Info: pictures/ZHAW_logo.png used on input line 1.
(pdftex.def)             Requested size: 33.08427pt x 34.61pt.
Package babel Info: Redefining german shorthand "f
(babel)             in language  on input line 1.
Package babel Info: Redefining german shorthand "|
(babel)             in language  on input line 1.
Package babel Info: Redefining german shorthand "~
(babel)             in language  on input line 1.
Package babel Info: Redefining german shorthand "f
(babel)             in language  on input line 1.
Package babel Info: Redefining german shorthand "|
(babel)             in language  on input line 1.
Package babel Info: Redefining german shorthand "~
(babel)             in language  on input line 1.
 [18

]
Kapitel 8.
Package babel Info: Redefining german shorthand "f
(babel)             in language  on input line 1.
Package babel Info: Redefining german shorthand "|
(babel)             in language  on input line 1.
Package babel Info: Redefining german shorthand "~
(babel)             in language  on input line 1.
)
File: pictures/ZHAW_logo.png Graphic file (type png)
 <use pictures/ZHAW_logo.png>
Package pdftex.def Info: pictures/ZHAW_logo.png used on input line 228.
(pdftex.def)             Requested size: 33.08427pt x 34.61pt.
Package babel Info: Redefining german shorthand "f
(babel)             in language  on input line 228.
Package babel Info: Redefining german shorthand "|
(babel)             in language  on input line 228.
Package babel Info: Redefining german shorthand "~
(babel)             in language  on input line 228.
Package babel Info: Redefining german shorthand "f
(babel)             in language  on input line 228.
Package babel Info: Redefining german shorthand "|
(babel)             in language  on input line 228.
Package babel Info: Redefining german shorthand "~
(babel)             in language  on input line 228.
 [19

] (./dir/Anhang/Anhang.tex
Anhang A.
Package babel Info: Redefining german shorthand "f
(babel)             in language  on input line 3.
Package babel Info: Redefining german shorthand "|
(babel)             in language  on input line 3.
Package babel Info: Redefining german shorthand "~
(babel)             in language  on input line 3.
Package babel Info: Redefining german shorthand "f
(babel)             in language  on input line 7.
Package babel Info: Redefining german shorthand "|
(babel)             in language  on input line 7.
Package babel Info: Redefining german shorthand "~
(babel)             in language  on input line 7.
Package babel Info: Redefining german shorthand "f
(babel)             in language  on input line 11.
Package babel Info: Redefining german shorthand "|
(babel)             in language  on input line 11.
Package babel Info: Redefining german shorthand "~
(babel)             in language  on input line 11.
(c:/texlive/2013/texmf-dist/tex/latex/listings/lstlang1.sty
File: lstlang1.sty 2014/03/04 1.5c listings language file
)
(./dir/Anhang/listings/Main.java
File: pictures/ZHAW_logo.png Graphic file (type png)
 <use pictures/ZHAW_logo.png>
Package pdftex.def Info: pictures/ZHAW_logo.png used on input line 30.
(pdftex.def)             Requested size: 33.08427pt x 34.61pt.
Package babel Info: Redefining german shorthand "f
(babel)             in language  on input line 30.
Package babel Info: Redefining german shorthand "|
(babel)             in language  on input line 30.
Package babel Info: Redefining german shorthand "~
(babel)             in language  on input line 30.
Package babel Info: Redefining german shorthand "f
(babel)             in language  on input line 30.
Package babel Info: Redefining german shorthand "|
(babel)             in language  on input line 30.
Package babel Info: Redefining german shorthand "~
(babel)             in language  on input line 30.
 [1


]
File: pictures/ZHAW_logo.png Graphic file (type png)

<use pictures/ZHAW_logo.png>
Package pdftex.def Info: pictures/ZHAW_logo.png used on input line 70.
(pdftex.def)             Requested size: 33.08427pt x 34.61pt.
Package babel Info: Redefining german shorthand "f
(babel)             in language  on input line 70.
Package babel Info: Redefining german shorthand "|
(babel)             in language  on input line 70.
Package babel Info: Redefining german shorthand "~
(babel)             in language  on input line 70.
Package babel Info: Redefining german shorthand "f
(babel)             in language  on input line 70.
Package babel Info: Redefining german shorthand "|
(babel)             in language  on input line 70.
Package babel Info: Redefining german shorthand "~
(babel)             in language  on input line 70.
 [2])
Package babel Info: Redefining german shorthand "f
(babel)             in language  on input line 19.
Package babel Info: Redefining german shorthand "|
(babel)             in language  on input line 19.
Package babel Info: Redefining german shorthand "~
(babel)             in language  on input line 19.
 (./dir/Anhang/listings/Logger.java
File: pictures/ZHAW_logo.png Graphic file (type png)

<use pictures/ZHAW_logo.png>
Package pdftex.def Info: pictures/ZHAW_logo.png used on input line 34.
(pdftex.def)             Requested size: 33.08427pt x 34.61pt.
Package babel Info: Redefining german shorthand "f
(babel)             in language  on input line 34.
Package babel Info: Redefining german shorthand "|
(babel)             in language  on input line 34.
Package babel Info: Redefining german shorthand "~
(babel)             in language  on input line 34.
Package babel Info: Redefining german shorthand "f
(babel)             in language  on input line 34.
Package babel Info: Redefining german shorthand "|
(babel)             in language  on input line 34.
Package babel Info: Redefining german shorthand "~
(babel)             in language  on input line 34.
 [3])
Package babel Info: Redefining german shorthand "f
(babel)             in language  on input line 28.
Package babel Info: Redefining german shorthand "|
(babel)             in language  on input line 28.
Package babel Info: Redefining german shorthand "~
(babel)             in language  on input line 28.
 (./dir/Anhang/listings/Indexer.java
File: pictures/ZHAW_logo.png Graphic file (type png)

<use pictures/ZHAW_logo.png>
Package pdftex.def Info: pictures/ZHAW_logo.png used on input line 34.
(pdftex.def)             Requested size: 33.08427pt x 34.61pt.
Package babel Info: Redefining german shorthand "f
(babel)             in language  on input line 34.
Package babel Info: Redefining german shorthand "|
(babel)             in language  on input line 34.
Package babel Info: Redefining german shorthand "~
(babel)             in language  on input line 34.
Package babel Info: Redefining german shorthand "f
(babel)             in language  on input line 34.
Package babel Info: Redefining german shorthand "|
(babel)             in language  on input line 34.
Package babel Info: Redefining german shorthand "~
(babel)             in language  on input line 34.
 [4]
File: pictures/ZHAW_logo.png Graphic file (type png)
 <use pictures/ZHAW_logo.png>
Package pdftex.def Info: pictures/ZHAW_logo.png used on input line 75.
(pdftex.def)             Requested size: 33.08427pt x 34.61pt.
Package babel Info: Redefining german shorthand "f
(babel)             in language  on input line 75.
Package babel Info: Redefining german shorthand "|
(babel)             in language  on input line 75.
Package babel Info: Redefining german shorthand "~
(babel)             in language  on input line 75.
Package babel Info: Redefining german shorthand "f
(babel)             in language  on input line 75.
Package babel Info: Redefining german shorthand "|
(babel)             in language  on input line 75.
Package babel Info: Redefining german shorthand "~
(babel)             in language  on input line 75.
 [5]
File: pictures/ZHAW_logo.png Graphic file (type png)

<use pictures/ZHAW_logo.png>
Package pdftex.def Info: pictures/ZHAW_logo.png used on input line 114.
(pdftex.def)             Requested size: 33.08427pt x 34.61pt.
Package babel Info: Redefining german shorthand "f
(babel)             in language  on input line 114.
Package babel Info: Redefining german shorthand "|
(babel)             in language  on input line 114.
Package babel Info: Redefining german shorthand "~
(babel)             in language  on input line 114.
Package babel Info: Redefining german shorthand "f
(babel)             in language  on input line 114.
Package babel Info: Redefining german shorthand "|
(babel)             in language  on input line 114.
Package babel Info: Redefining german shorthand "~
(babel)             in language  on input line 114.
 [6]
File: pictures/ZHAW_logo.png Graphic file (type png)
 <use pictures/ZHAW_logo.png>
Package pdftex.def Info: pictures/ZHAW_logo.png used on input line 154.
(pdftex.def)             Requested size: 33.08427pt x 34.61pt.
Package babel Info: Redefining german shorthand "f
(babel)             in language  on input line 154.
Package babel Info: Redefining german shorthand "|
(babel)             in language  on input line 154.
Package babel Info: Redefining german shorthand "~
(babel)             in language  on input line 154.
Package babel Info: Redefining german shorthand "f
(babel)             in language  on input line 154.
Package babel Info: Redefining german shorthand "|
(babel)             in language  on input line 154.
Package babel Info: Redefining german shorthand "~
(babel)             in language  on input line 154.
 [7]
File: pictures/ZHAW_logo.png Graphic file (type png)

<use pictures/ZHAW_logo.png>
Package pdftex.def Info: pictures/ZHAW_logo.png used on input line 192.
(pdftex.def)             Requested size: 33.08427pt x 34.61pt.
Package babel Info: Redefining german shorthand "f
(babel)             in language  on input line 192.
Package babel Info: Redefining german shorthand "|
(babel)             in language  on input line 192.
Package babel Info: Redefining german shorthand "~
(babel)             in language  on input line 192.
Package babel Info: Redefining german shorthand "f
(babel)             in language  on input line 192.
Package babel Info: Redefining german shorthand "|
(babel)             in language  on input line 192.
Package babel Info: Redefining german shorthand "~
(babel)             in language  on input line 192.
 [8]))
No file MAIN_SITE.ind.
(./MAIN_SITE.bbl (./MAIN_SITE.brf)
\tf@brf=\write10
\openout10 = `MAIN_SITE.brf'.

File: pictures/ZHAW_logo.png Graphic file (type png)
 <use pictures/ZHAW_logo.png>
Package pdftex.def Info: pictures/ZHAW_logo.png used on input line 1.
(pdftex.def)             Requested size: 33.08427pt x 34.61pt.
Package babel Info: Redefining german shorthand "f
(babel)             in language  on input line 1.
Package babel Info: Redefining german shorthand "|
(babel)             in language  on input line 1.
Package babel Info: Redefining german shorthand "~
(babel)             in language  on input line 1.
Package babel Info: Redefining german shorthand "f
(babel)             in language  on input line 1.
Package babel Info: Redefining german shorthand "|
(babel)             in language  on input line 1.
Package babel Info: Redefining german shorthand "~
(babel)             in language  on input line 1.
 [9]
Package babel Info: Redefining german shorthand "f
(babel)             in language  on input line 1.
Package babel Info: Redefining german shorthand "|
(babel)             in language  on input line 1.
Package babel Info: Redefining german shorthand "~
(babel)             in language  on input line 1.

Underfull \hbox (badness 10000) in paragraph at lines 11--11
[]\T1/cmr/m/it/10.95 Lucene Que-ry Par-ser Syn-tax\T1/cmr/m/n/10.95 .  [][]$\T1
/cmtt/m/n/10.95 http : / / lucene . apache . org / core / 2 _ 9 _ 4 /
 []


Underfull \hbox (badness 8151) in paragraph at lines 15--15
[]\T1/cmr/m/it/10.95 Who is using Lu-ce-ne/-Solr\T1/cmr/m/n/10.95 .  [][]$\T1/c
mtt/m/n/10.95 http : / / searchhub . org / 2012 / 01 / 21 / who -[] uses -[]
 []


Class scrbook Warning: Usage of deprecated font command `\sc'!
(scrbook)              You should note, that in 1994 font command `\sc' has
(scrbook)              been defined for compatiblitiy to Script 2.0 only.
(scrbook)              Now, after two decades of LaTeX2e and NFSS2, you
(scrbook)              shouldn't use such commands any longer and within
(scrbook)              KOMA-Script usage of `\sc' is definitely deprecated.
(scrbook)              See `fntguide.pdf' for more information about
(scrbook)              recommended font commands.
(scrbook)              Note also, that KOMA-Script will remove the definition
(scrbook)              of `\sc' anytime until release of about version 3.20.
(scrbook)              But for now, KOMA-Script will replace deprecated `\sc'
(scrbook)              by `\normalfont \scshape ' on input line 20.

)
Package atveryend Info: Empty hook `BeforeClearDocument' on input line 248.
File: pictures/ZHAW_logo.png Graphic file (type png)
 <use pictures/ZHAW_logo.png>
Package pdftex.def Info: pictures/ZHAW_logo.png used on input line 248.
(pdftex.def)             Requested size: 33.08427pt x 34.61pt.
Package babel Info: Redefining german shorthand "f
(babel)             in language  on input line 248.
Package babel Info: Redefining german shorthand "|
(babel)             in language  on input line 248.
Package babel Info: Redefining german shorthand "~
(babel)             in language  on input line 248.
Package babel Info: Redefining german shorthand "f
(babel)             in language  on input line 248.
Package babel Info: Redefining german shorthand "|
(babel)             in language  on input line 248.
Package babel Info: Redefining german shorthand "~
(babel)             in language  on input line 248.
 [10

]
Package atveryend Info: Empty hook `AfterLastShipout' on input line 248.
 (./MAIN_SITE.aux (./Deckblatt.aux))
Package atveryend Info: Executing hook `AtVeryEndDocument' on input line 248.
Package atveryend Info: Executing hook `AtEndAfterFileList' on input line 248.
Package rerunfilecheck Info: File `MAIN_SITE.out' has not changed.
(rerunfilecheck)             Checksum: 25D6B2934B0FC1F0C7F87FE496BF62B6;2315.


Package rerunfilecheck Warning: File `MAIN_SITE.brf' has changed.
(rerunfilecheck)                Rerun to get bibliographical references right.

Package rerunfilecheck Info: Checksums for `MAIN_SITE.brf':
(rerunfilecheck)             Before: 1969D33C26D704756D6409941F826BF8;198
(rerunfilecheck)             After:  DE55300BCF451B6948A06431435CDED8;198.

LaTeX Warning: There were multiply-defined labels.

Package atveryend Info: Empty hook `AtVeryVeryEnd' on input line 248.
 ) 
Here is how much of TeX's memory you used:
 14508 strings out of 493308
 216437 string characters out of 6141368
 498969 words of memory out of 5000000
 17213 multiletter control sequences out of 15000+600000
 25480 words of font info for 64 fonts, out of 8000000 for 9000
 957 hyphenation exceptions out of 8191
 51i,15n,59p,446b,2003s stack positions out of 5000i,500n,10000p,200000b,80000s
{c:/texlive/2013/texmf-dist/fonts/enc/dvips/cm-super/cm-super-t1.enc}{c:/texl
ive/2013/texmf-dist/fonts/enc/dvips/cm-super/cm-super-ts1.enc}<c:/texlive/2013/
texmf-dist/fonts/type1/public/amsfonts/cm/cmsy10.pfb><c:/texlive/2013/texmf-dis
t/fonts/type1/public/cm-super/sfbx1095.pfb><c:/texlive/2013/texmf-dist/fonts/ty
pe1/public/cm-super/sfbx1728.pfb><c:/texlive/2013/texmf-dist/fonts/type1/public
/cm-super/sfcc1095.pfb><c:/texlive/2013/texmf-dist/fonts/type1/public/cm-super/
sfrm0600.pfb><c:/texlive/2013/texmf-dist/fonts/type1/public/cm-super/sfrm0800.p
fb><c:/texlive/2013/texmf-dist/fonts/type1/public/cm-super/sfrm0900.pfb><c:/tex
live/2013/texmf-dist/fonts/type1/public/cm-super/sfrm1095.pfb><c:/texlive/2013/
texmf-dist/fonts/type1/public/cm-super/sfsx1095.pfb><c:/texlive/2013/texmf-dist
/fonts/type1/public/cm-super/sfsx1200.pfb><c:/texlive/2013/texmf-dist/fonts/typ
e1/public/cm-super/sfsx1440.pfb><c:/texlive/2013/texmf-dist/fonts/type1/public/
cm-super/sfsx1728.pfb><c:/texlive/2013/texmf-dist/fonts/type1/public/cm-super/s
fti1095.pfb><c:/texlive/2013/texmf-dist/fonts/type1/public/cm-super/sftt0900.pf
b><c:/texlive/2013/texmf-dist/fonts/type1/public/cm-super/sftt1095.pfb><c:/texl
ive/2013/texmf-dist/fonts/type1/public/cm-super/sfxc2074.pfb>
Output written on MAIN_SITE.pdf (35 pages, 880565 bytes).
PDF statistics:
 907 PDF objects out of 1000 (max. 8388607)
 837 compressed objects within 9 object streams
 414 named destinations out of 1000 (max. 500000)
 322 words of extra memory for PDF output out of 10000 (max. 10000000)

